This file contains any messages produced by compilers while
running configure, to aid debugging if configure makes a mistake.

It was created by configure, which was
generated by GNU Autoconf 2.59.  Invocation command line was

  $ ./configure --prefix=/net/lepton/localdisk/mbeckett/xml-agent-411/.install/usr

## --------- ##
## Platform. ##
## --------- ##

hostname = lepton.eng.riftio.com
uname -m = x86_64
uname -r = 3.12.9-301.fc20.x86_64
uname -s = Linux
uname -v = #1 SMP Wed Jan 29 15:56:22 UTC 2014

/usr/bin/uname -p = x86_64
/bin/uname -X     = unknown

/bin/arch              = x86_64
/usr/bin/arch -k       = unknown
/usr/convex/getsysinfo = unknown
hostinfo               = unknown
/bin/machine           = unknown
/usr/bin/oslevel       = unknown
/bin/universe          = unknown

PATH: /net/lepton/localdisk/mbeckett/xml-agent-411/.install/bin
PATH: /net/lepton/localdisk/mbeckett/xml-agent-411/.install/sbin
PATH: /net/lepton/localdisk/mbeckett/xml-agent-411/.install/usr/bin
PATH: /net/lepton/localdisk/mbeckett/xml-agent-411/.install/usr/sbin
PATH: /net/lepton/localdisk/mbeckett/xml-agent-411/.install/usr/local/bin
PATH: /net/lepton/localdisk/mbeckett/xml-agent-411/.install/usr/local/sbin
PATH: /usr/lib64/qt-3.3/bin
PATH: /usr/lib64/ccache
PATH: /usr/local/bin
PATH: /usr/bin
PATH: /usr/local/sbin
PATH: /usr/sbin
PATH: /usr/rift/bin
PATH: ./git/rift-submodule-tools
PATH: /net/boson/home1/mbeckett/bin
PATH: /net/boson/home1/mbeckett/bin
PATH: /net/lepton/localdisk/mbeckett/xml-agent-411/git/rift-submodule-tools
PATH: /net/lepton/localdisk/mbeckett/xml-agent-411/.install/usr/rift/systemtest/harness
PATH: /net/lepton/localdisk/mbeckett/xml-agent-411/.install/usr/rift/systemtest/harness
PATH: /net/lepton/localdisk/mbeckett/xml-agent-411/.install/usr/rift/systemtest/harness
PATH: /net/lepton/localdisk/mbeckett/xml-agent-411/.install/usr/rift/systemtest/harness
PATH: /net/lepton/localdisk/mbeckett/xml-agent-411/.install/usr/rift/systemtest/harness


## ----------- ##
## Core tests. ##
## ----------- ##

configure:1311: checking for gcc
configure:1337: result: gcc
configure:1581: checking for C compiler version
configure:1584: gcc --version </dev/null >&5
gcc (GCC) 4.8.2 20131212 (Red Hat 4.8.2-7)
Copyright (C) 2013 Free Software Foundation, Inc.
This is free software; see the source for copying conditions.  There is NO
warranty; not even for MERCHANTABILITY or FITNESS FOR A PARTICULAR PURPOSE.

configure:1587: $? = 0
configure:1589: gcc -v </dev/null >&5
Using built-in specs.
COLLECT_GCC=/usr/bin/gcc
COLLECT_LTO_WRAPPER=/usr/libexec/gcc/x86_64-redhat-linux/4.8.2/lto-wrapper
Target: x86_64-redhat-linux
Configured with: ../configure --prefix=/usr --mandir=/usr/share/man --infodir=/usr/share/info --with-bugurl=http://bugzilla.redhat.com/bugzilla --enable-bootstrap --enable-shared --enable-threads=posix --enable-checking=release --with-system-zlib --enable-__cxa_atexit --disable-libunwind-exceptions --enable-gnu-unique-object --enable-linker-build-id --with-linker-hash-style=gnu --enable-languages=c,c++,objc,obj-c++,java,fortran,ada,go,lto --enable-plugin --enable-initfini-array --enable-java-awt=gtk --disable-dssi --with-java-home=/usr/lib/jvm/java-1.5.0-gcj-1.5.0.0/jre --enable-libgcj-multifile --enable-java-maintainer-mode --with-ecj-jar=/usr/share/java/eclipse-ecj.jar --disable-libjava-multilib --with-isl=/builddir/build/BUILD/gcc-4.8.2-20131212/obj-x86_64-redhat-linux/isl-install --with-cloog=/builddir/build/BUILD/gcc-4.8.2-20131212/obj-x86_64-redhat-linux/cloog-install --with-tune=generic --with-arch_32=i686 --build=x86_64-redhat-linux
Thread model: posix
gcc version 4.8.2 20131212 (Red Hat 4.8.2-7) (GCC) 
configure:1592: $? = 0
configure:1594: gcc -V </dev/null >&5
gcc: error: unrecognized command line option '-V'
gcc: fatal error: no input files
compilation terminated.
configure:1597: $? = 4
configure:1620: checking for C compiler default output file name
configure:1623: gcc   -g  -pthread -D_REENTRANT       -pthread -D_REENTRANT conftest.c  -lpthread  >&5
configure:1626: $? = 0
configure:1672: result: a.out
configure:1677: checking whether the C compiler works
configure:1683: ./a.out
configure:1686: $? = 0
configure:1703: result: yes
configure:1710: checking whether we are cross compiling
configure:1712: result: no
configure:1715: checking for suffix of executables
configure:1717: gcc -o conftest   -g  -pthread -D_REENTRANT       -pthread -D_REENTRANT conftest.c  -lpthread  >&5
configure:1720: $? = 0
configure:1745: result: 
configure:1751: checking for suffix of object files
configure:1772: gcc -c   -g  -pthread -D_REENTRANT    conftest.c >&5
configure:1775: $? = 0
configure:1797: result: o
configure:1801: checking whether we are using the GNU C compiler
configure:1825: gcc -c   -g  -pthread -D_REENTRANT    conftest.c >&5
configure:1831: $? = 0
configure:1835: test -z 
			 || test ! -s conftest.err
configure:1838: $? = 0
configure:1841: test -s conftest.o
configure:1844: $? = 0
configure:1857: result: yes
configure:1863: checking whether gcc accepts -g
configure:1884: gcc -c -g  conftest.c >&5
configure:1890: $? = 0
configure:1894: test -z 
			 || test ! -s conftest.err
configure:1897: $? = 0
configure:1900: test -s conftest.o
configure:1903: $? = 0
configure:1914: result: yes
configure:1931: checking for gcc option to accept ANSI C
configure:2001: gcc  -c   -g  -pthread -D_REENTRANT    conftest.c >&5
configure:2007: $? = 0
configure:2011: test -z 
			 || test ! -s conftest.err
configure:2014: $? = 0
configure:2017: test -s conftest.o
configure:2020: $? = 0
configure:2038: result: none needed
configure:2056: gcc -c   -g  -pthread -D_REENTRANT    conftest.c >&5
conftest.c:2:3: error: unknown type name 'choke'
   choke me
   ^
conftest.c:2:3: error: expected '=', ',', ';', 'asm' or '__attribute__' at end of input
configure:2062: $? = 1
configure: failed program was:
| #ifndef __cplusplus
|   choke me
| #endif
configure:2289: checking for C++ compiler version
configure:2292: g++ --version </dev/null >&5
g++ (GCC) 4.8.2 20131212 (Red Hat 4.8.2-7)
Copyright (C) 2013 Free Software Foundation, Inc.
This is free software; see the source for copying conditions.  There is NO
warranty; not even for MERCHANTABILITY or FITNESS FOR A PARTICULAR PURPOSE.

configure:2295: $? = 0
configure:2297: g++ -v </dev/null >&5
Using built-in specs.
COLLECT_GCC=/usr/bin/g++
COLLECT_LTO_WRAPPER=/usr/libexec/gcc/x86_64-redhat-linux/4.8.2/lto-wrapper
Target: x86_64-redhat-linux
Configured with: ../configure --prefix=/usr --mandir=/usr/share/man --infodir=/usr/share/info --with-bugurl=http://bugzilla.redhat.com/bugzilla --enable-bootstrap --enable-shared --enable-threads=posix --enable-checking=release --with-system-zlib --enable-__cxa_atexit --disable-libunwind-exceptions --enable-gnu-unique-object --enable-linker-build-id --with-linker-hash-style=gnu --enable-languages=c,c++,objc,obj-c++,java,fortran,ada,go,lto --enable-plugin --enable-initfini-array --enable-java-awt=gtk --disable-dssi --with-java-home=/usr/lib/jvm/java-1.5.0-gcj-1.5.0.0/jre --enable-libgcj-multifile --enable-java-maintainer-mode --with-ecj-jar=/usr/share/java/eclipse-ecj.jar --disable-libjava-multilib --with-isl=/builddir/build/BUILD/gcc-4.8.2-20131212/obj-x86_64-redhat-linux/isl-install --with-cloog=/builddir/build/BUILD/gcc-4.8.2-20131212/obj-x86_64-redhat-linux/cloog-install --with-tune=generic --with-arch_32=i686 --build=x86_64-redhat-linux
Thread model: posix
gcc version 4.8.2 20131212 (Red Hat 4.8.2-7) (GCC) 
configure:2300: $? = 0
configure:2302: g++ -V </dev/null >&5
g++: error: unrecognized command line option '-V'
g++: fatal error: no input files
compilation terminated.
configure:2305: $? = 4
configure:2308: checking whether we are using the GNU C++ compiler
configure:2332: g++ -c   -g  -pthread -D_REENTRANT    conftest.cc >&5
configure:2338: $? = 0
configure:2342: test -z 
			 || test ! -s conftest.err
configure:2345: $? = 0
configure:2348: test -s conftest.o
configure:2351: $? = 0
configure:2364: result: yes
configure:2370: checking whether g++ accepts -g
configure:2391: g++ -c -g  conftest.cc >&5
configure:2397: $? = 0
configure:2401: test -z 
			 || test ! -s conftest.err
configure:2404: $? = 0
configure:2407: test -s conftest.o
configure:2410: $? = 0
configure:2421: result: yes
configure:2463: g++ -c   -g  -pthread -D_REENTRANT    conftest.cc >&5
configure:2469: $? = 0
configure:2473: test -z 
			 || test ! -s conftest.err
configure:2476: $? = 0
configure:2479: test -s conftest.o
configure:2482: $? = 0
configure:2508: g++ -c   -g  -pthread -D_REENTRANT    conftest.cc >&5
conftest.cc: In function 'int main()':
conftest.cc:13:9: error: 'exit' was not declared in this scope
 exit (42);
         ^
configure:2514: $? = 1
configure: failed program was:
| /* confdefs.h.  */
| 
| #define PACKAGE_NAME ""
| #define PACKAGE_TARNAME ""
| #define PACKAGE_VERSION ""
| #define PACKAGE_STRING ""
| #define PACKAGE_BUGREPORT ""
| /* end confdefs.h.  */
| 
| int
| main ()
| {
| exit (42);
|   ;
|   return 0;
| }
configure:2463: g++ -c   -g  -pthread -D_REENTRANT    conftest.cc >&5
conftest.cc:9:40: error: 'void std::exit(int)' should have been declared inside 'std'
 extern "C" void std::exit (int) throw (); using std::exit;
                                        ^
configure:2469: $? = 1
configure: failed program was:
| /* confdefs.h.  */
| 
| #define PACKAGE_NAME ""
| #define PACKAGE_TARNAME ""
| #define PACKAGE_VERSION ""
| #define PACKAGE_STRING ""
| #define PACKAGE_BUGREPORT ""
| /* end confdefs.h.  */
| extern "C" void std::exit (int) throw (); using std::exit;
| #include <stdlib.h>
| int
| main ()
| {
| exit (42);
|   ;
|   return 0;
| }
configure:2463: g++ -c   -g  -pthread -D_REENTRANT    conftest.cc >&5
conftest.cc:9:31: error: 'void std::exit(int)' should have been declared inside 'std'
 extern "C" void std::exit (int); using std::exit;
                               ^
In file included from conftest.cc:10:0:
/usr/include/stdlib.h:543:71: error: declaration of 'void std::exit(int) throw ()' has a different exception specifier
 extern void exit (int __status) __THROW __attribute__ ((__noreturn__));
                                                                       ^
conftest.cc:9:17: error: from previous declaration 'void std::exit(int)'
 extern "C" void std::exit (int); using std::exit;
                 ^
configure:2469: $? = 1
configure: failed program was:
| /* confdefs.h.  */
| 
| #define PACKAGE_NAME ""
| #define PACKAGE_TARNAME ""
| #define PACKAGE_VERSION ""
| #define PACKAGE_STRING ""
| #define PACKAGE_BUGREPORT ""
| /* end confdefs.h.  */
| extern "C" void std::exit (int); using std::exit;
| #include <stdlib.h>
| int
| main ()
| {
| exit (42);
|   ;
|   return 0;
| }
configure:2463: g++ -c   -g  -pthread -D_REENTRANT    conftest.cc >&5
configure:2469: $? = 0
configure:2473: test -z 
			 || test ! -s conftest.err
configure:2476: $? = 0
configure:2479: test -s conftest.o
configure:2482: $? = 0
configure:2508: g++ -c   -g  -pthread -D_REENTRANT    conftest.cc >&5
configure:2514: $? = 0
configure:2518: test -z 
			 || test ! -s conftest.err
configure:2521: $? = 0
configure:2524: test -s conftest.o
configure:2527: $? = 0
configure:2588: checking for a BSD-compatible install
configure:2643: result: /usr/bin/install -c
configure:2656: checking for autoconf
configure:2672: found /usr/bin/autoconf
configure:2683: result: autoconf
configure:2695: checking whether -fno-elide-constructors works correctly
configure:2725: g++ -c   -g  -pthread -D_REENTRANT   -fno-elide-constructors  conftest.cc >&5
configure:2731: $? = 0
configure:2735: test -z 
			 || test ! -s conftest.err
configure:2738: $? = 0
configure:2741: test -s conftest.o
configure:2744: $? = 0
configure:2746: result: yes
configure:2767: checking build system type
configure:2785: result: x86_64-unknown-linux-gnu
configure:2793: checking host system type
configure:2807: result: x86_64-unknown-linux-gnu
configure:2843: checking for floor in -lm
configure:2873: g++ -o conftest   -g  -pthread -D_REENTRANT   -fno-elide-constructors     -pthread -D_REENTRANT conftest.cc -lm   -lpthread  >&5
configure:2879: $? = 0
configure:2883: test -z 
			 || test ! -s conftest.err
configure:2886: $? = 0
configure:2889: test -s conftest
configure:2892: $? = 0
configure:2905: result: yes
configure:2923: checking how to run the C++ preprocessor
configure:2954: g++ -E  conftest.cc
configure:2960: $? = 0
configure:2992: g++ -E  conftest.cc
conftest.cc:13:28: fatal error: ac_nonexistent.h: No such file or directory
 #include <ac_nonexistent.h>
                            ^
compilation terminated.
configure:2998: $? = 1
configure: failed program was:
| /* confdefs.h.  */
| 
| #define PACKAGE_NAME ""
| #define PACKAGE_TARNAME ""
| #define PACKAGE_VERSION ""
| #define PACKAGE_STRING ""
| #define PACKAGE_BUGREPORT ""
| #ifdef __cplusplus
| extern "C" void exit (int) throw ();
| #endif
| #define HAVE_LIBM 1
| /* end confdefs.h.  */
| #include <ac_nonexistent.h>
configure:3037: result: g++ -E
configure:3061: g++ -E  conftest.cc
configure:3067: $? = 0
configure:3099: g++ -E  conftest.cc
conftest.cc:13:28: fatal error: ac_nonexistent.h: No such file or directory
 #include <ac_nonexistent.h>
                            ^
compilation terminated.
configure:3105: $? = 1
configure: failed program was:
| /* confdefs.h.  */
| 
| #define PACKAGE_NAME ""
| #define PACKAGE_TARNAME ""
| #define PACKAGE_VERSION ""
| #define PACKAGE_STRING ""
| #define PACKAGE_BUGREPORT ""
| #ifdef __cplusplus
| extern "C" void exit (int) throw ();
| #endif
| #define HAVE_LIBM 1
| /* end confdefs.h.  */
| #include <ac_nonexistent.h>
configure:3149: checking for egrep
configure:3159: result: grep -E
configure:3164: checking for ANSI C header files
configure:3189: g++ -c   -g  -pthread -D_REENTRANT   -fno-elide-constructors  conftest.cc >&5
configure:3195: $? = 0
configure:3199: test -z 
			 || test ! -s conftest.err
configure:3202: $? = 0
configure:3205: test -s conftest.o
configure:3208: $? = 0
configure:3297: g++ -o conftest   -g  -pthread -D_REENTRANT   -fno-elide-constructors     -pthread -D_REENTRANT conftest.cc -lm  -lpthread  >&5
configure:3300: $? = 0
configure:3302: ./conftest
configure:3305: $? = 0
configure:3320: result: yes
configure:3334: checking for mbstowcs
configure:3391: g++ -o conftest   -g  -pthread -D_REENTRANT   -fno-elide-constructors     -pthread -D_REENTRANT conftest.cc -lm  -lpthread  >&5
configure:3397: $? = 0
configure:3401: test -z 
			 || test ! -s conftest.err
configure:3404: $? = 0
configure:3407: test -s conftest
configure:3410: $? = 0
configure:3422: result: yes
configure:3435: checking if mbstowcs can count only
configure:3465: g++ -o conftest   -g  -pthread -D_REENTRANT   -fno-elide-constructors     -pthread -D_REENTRANT conftest.cc -lm  -lpthread  >&5
configure:3468: $? = 0
configure:3470: ./conftest
configure:3473: $? = 0
configure:3475: result: yes
configure:3666: creating ./config.status

## ---------------------- ##
## Running config.status. ##
## ---------------------- ##

This file was extended by config.status, which was
generated by GNU Autoconf 2.59.  Invocation command line was

  CONFIG_FILES    = 
  CONFIG_HEADERS  = 
  CONFIG_LINKS    = 
  CONFIG_COMMANDS = 
  $ ./config.status 

on lepton.eng.riftio.com

config.status:676: creating Makefile.incl
config.status:676: creating Makefile
config.status:676: creating src/xalanc/Makefile
config.status:676: creating src/xalanc/Utils/Makefile
config.status:676: creating src/xalanc/Utils/MsgCreator/Makefile
config.status:676: creating src/xalanc/Utils/XalanMsgLib/Makefile
config.status:676: creating samples/Makefile
config.status:676: creating Tests/Makefile

## ---------------- ##
## Cache variables. ##
## ---------------- ##

ac_cv_build=x86_64-unknown-linux-gnu
ac_cv_build_alias=x86_64-unknown-linux-gnu
ac_cv_c_compiler_gnu=yes
ac_cv_cxx_compiler_gnu=yes
ac_cv_env_CC_set=set
ac_cv_env_CC_value=gcc
ac_cv_env_CFLAGS_set=set
ac_cv_env_CFLAGS_value='  -g  -pthread -D_REENTRANT  '
ac_cv_env_CPPFLAGS_set=
ac_cv_env_CPPFLAGS_value=
ac_cv_env_CXXCPP_set=
ac_cv_env_CXXCPP_value=
ac_cv_env_CXXFLAGS_set=set
ac_cv_env_CXXFLAGS_value='  -g  -pthread -D_REENTRANT  '
ac_cv_env_CXX_set=set
ac_cv_env_CXX_value=g++
ac_cv_env_LDFLAGS_set=set
ac_cv_env_LDFLAGS_value='   -pthread -D_REENTRANT'
ac_cv_env_build_alias_set=
ac_cv_env_build_alias_value=
ac_cv_env_host_alias_set=
ac_cv_env_host_alias_value=
ac_cv_env_target_alias_set=
ac_cv_env_target_alias_value=
ac_cv_exeext=
ac_cv_func_mbstowcs=yes
ac_cv_header_stdc=yes
ac_cv_host=x86_64-unknown-linux-gnu
ac_cv_host_alias=x86_64-unknown-linux-gnu
ac_cv_lib_m_floor=yes
ac_cv_objext=o
ac_cv_path_install='/usr/bin/install -c'
ac_cv_prog_AUTOCONF=autoconf
ac_cv_prog_CXXCPP='g++ -E'
ac_cv_prog_ac_ct_CC=gcc
ac_cv_prog_cc_g=yes
ac_cv_prog_cc_stdc=
ac_cv_prog_cxx_g=yes
ac_cv_prog_egrep='grep -E'

## ----------------- ##
## Output variables. ##
## ----------------- ##

AUTOCONF='autoconf'
CC='gcc'
CFLAGS='  -g  -pthread -D_REENTRANT  '
CPPFLAGS=''
CXX='g++'
CXXCPP='g++ -E'
CXXFLAGS='  -g  -pthread -D_REENTRANT   -fno-elide-constructors'
DEFS='-DPACKAGE_NAME=\"\" -DPACKAGE_TARNAME=\"\" -DPACKAGE_VERSION=\"\" -DPACKAGE_STRING=\"\" -DPACKAGE_BUGREPORT=\"\" -DHAVE_LIBM=1 -DSTDC_HEADERS=1 -DHAVE_MBSTOWCS=1 '
ECHO_C=''
ECHO_N='-n'
ECHO_T=''
EGREP='grep -E'
EXEEXT=''
INSTALL_DATA='${INSTALL} -m 644'
INSTALL_PROGRAM='${INSTALL}'
INSTALL_SCRIPT='${INSTALL}'
LDFLAGS='   -pthread -D_REENTRANT'
LIBOBJS=''
LIBS='-lm  -lpthread '
LTLIBOBJS=''
OBJEXT='o'
PACKAGE_BUGREPORT=''
PACKAGE_NAME=''
PACKAGE_STRING=''
PACKAGE_TARNAME=''
PACKAGE_VERSION=''
PATH_SEPARATOR=':'
SHELL='/bin/sh'
ac_ct_CC='gcc'
ac_ct_CXX=''
bindir='${exec_prefix}/bin'
bitstobuild='64'
build='x86_64-unknown-linux-gnu'
build_alias=''
build_cpu='x86_64'
build_os='linux-gnu'
build_vendor='unknown'
cc='gcc'
cflags='  -g  -pthread -D_REENTRANT  '
cppflags=''
cxx='g++'
cxxflags='  -g  -pthread -D_REENTRANT   -fno-elide-constructors'
datadir='${prefix}/share'
exec_prefix='${prefix}'
host='x86_64-unknown-linux-gnu'
host_alias=''
host_cpu='x86_64'
host_os='linux-gnu'
host_vendor='unknown'
includedir='${prefix}/include'
infodir='${prefix}/info'
ldflags='   -pthread -D_REENTRANT'
libdir='${exec_prefix}/lib'
libexecdir='${exec_prefix}/libexec'
libs='-lm  -lpthread '
localstatedir='${prefix}/var'
mandir='${prefix}/man'
oldincludedir='/usr/include'
osvariant=''
osver=''
platform='LINUX'
prefix='/net/lepton/localdisk/mbeckett/xml-agent-411/.install/usr'
program_transform_name='s,x,x,'
sbindir='${exec_prefix}/sbin'
sharedstatedir='${prefix}/com'
sysconfdir='${prefix}/etc'
target_alias=''
threads=''
transcoder=''
wcstombs=''
xalan_locale='en_US'
xalan_locale_system='inmem'

## ----------- ##
## confdefs.h. ##
## ----------- ##

#define HAVE_LIBM 1
#define HAVE_MBSTOWCS 1
#define PACKAGE_BUGREPORT ""
#define PACKAGE_NAME ""
#define PACKAGE_STRING ""
#define PACKAGE_TARNAME ""
#define PACKAGE_VERSION ""
#define STDC_HEADERS 1
#endif
#ifdef __cplusplus
extern "C" void exit (int) throw ();

configure: exit 0
